::1 - - [04/May/2020:10:17:58 +0000] "OPTIONS /auth/signup HTTP/1.1" 200 3 "http://localhost:3000/signup" "Mozilla/5.0 (X11; Linux x86_64) AppleWebKit/537.36 (KHTML, like Gecko) Chrome/81.0.4044.129 Safari/537.36"
::1 - - [04/May/2020:10:17:59 +0000] "PUT /auth/signup HTTP/1.1" 422 138 "http://localhost:3000/signup" "Mozilla/5.0 (X11; Linux x86_64) AppleWebKit/537.36 (KHTML, like Gecko) Chrome/81.0.4044.129 Safari/537.36"
::1 - - [04/May/2020:10:18:06 +0000] "OPTIONS /auth/login HTTP/1.1" 200 4 "http://localhost:3000/" "Mozilla/5.0 (X11; Linux x86_64) AppleWebKit/537.36 (KHTML, like Gecko) Chrome/81.0.4044.129 Safari/537.36"
::1 - - [04/May/2020:10:18:07 +0000] "POST /auth/login HTTP/1.1" 200 257 "http://localhost:3000/" "Mozilla/5.0 (X11; Linux x86_64) AppleWebKit/537.36 (KHTML, like Gecko) Chrome/81.0.4044.129 Safari/537.36"
::1 - - [04/May/2020:10:18:07 +0000] "OPTIONS /auth/status HTTP/1.1" 200 12 "http://localhost:3000/" "Mozilla/5.0 (X11; Linux x86_64) AppleWebKit/537.36 (KHTML, like Gecko) Chrome/81.0.4044.129 Safari/537.36"
::1 - - [04/May/2020:10:18:07 +0000] "OPTIONS /feed/posts?page=1 HTTP/1.1" 200 8 "http://localhost:3000/" "Mozilla/5.0 (X11; Linux x86_64) AppleWebKit/537.36 (KHTML, like Gecko) Chrome/81.0.4044.129 Safari/537.36"
::1 - - [04/May/2020:10:18:07 +0000] "GET /auth/status HTTP/1.1" 200 58 "http://localhost:3000/" "Mozilla/5.0 (X11; Linux x86_64) AppleWebKit/537.36 (KHTML, like Gecko) Chrome/81.0.4044.129 Safari/537.36"
::1 - - [04/May/2020:10:18:11 +0000] "GET /feed/posts?page=1 HTTP/1.1" 200 - "http://localhost:3000/" "Mozilla/5.0 (X11; Linux x86_64) AppleWebKit/537.36 (KHTML, like Gecko) Chrome/81.0.4044.129 Safari/537.36"
::1 - - [04/May/2020:10:18:21 +0000] "OPTIONS /feed/status HTTP/1.1" 404 154 "http://localhost:3000/" "Mozilla/5.0 (X11; Linux x86_64) AppleWebKit/537.36 (KHTML, like Gecko) Chrome/81.0.4044.129 Safari/537.36"
::1 - - [04/May/2020:10:18:24 +0000] "OPTIONS /feed/status HTTP/1.1" 404 154 "http://localhost:3000/" "Mozilla/5.0 (X11; Linux x86_64) AppleWebKit/537.36 (KHTML, like Gecko) Chrome/81.0.4044.129 Safari/537.36"
::1 - - [04/May/2020:10:20:58 +0000] "OPTIONS /auth/status HTTP/1.1" 200 12 "http://localhost:3000/" "Mozilla/5.0 (X11; Linux x86_64) AppleWebKit/537.36 (KHTML, like Gecko) Chrome/81.0.4044.129 Safari/537.36"
::1 - - [04/May/2020:10:20:58 +0000] "OPTIONS /feed/posts?page=1 HTTP/1.1" 200 8 "http://localhost:3000/" "Mozilla/5.0 (X11; Linux x86_64) AppleWebKit/537.36 (KHTML, like Gecko) Chrome/81.0.4044.129 Safari/537.36"
::1 - - [04/May/2020:10:21:52 +0000] "OPTIONS /auth/status HTTP/1.1" 200 12 "http://localhost:3000/" "Mozilla/5.0 (X11; Linux x86_64) AppleWebKit/537.36 (KHTML, like Gecko) Chrome/81.0.4044.129 Safari/537.36"
::1 - - [04/May/2020:10:21:52 +0000] "OPTIONS /feed/posts?page=1 HTTP/1.1" 200 8 "http://localhost:3000/" "Mozilla/5.0 (X11; Linux x86_64) AppleWebKit/537.36 (KHTML, like Gecko) Chrome/81.0.4044.129 Safari/537.36"
::1 - - [04/May/2020:10:21:52 +0000] "GET /auth/status HTTP/1.1" 304 - "http://localhost:3000/" "Mozilla/5.0 (X11; Linux x86_64) AppleWebKit/537.36 (KHTML, like Gecko) Chrome/81.0.4044.129 Safari/537.36"
::1 - - [04/May/2020:10:21:53 +0000] "GET /feed/posts?page=1 HTTP/1.1" 304 - "http://localhost:3000/" "Mozilla/5.0 (X11; Linux x86_64) AppleWebKit/537.36 (KHTML, like Gecko) Chrome/81.0.4044.129 Safari/537.36"
::1 - - [04/May/2020:10:22:19 +0000] "OPTIONS /auth/status HTTP/1.1" 200 12 "http://localhost:3000/" "Mozilla/5.0 (X11; Linux x86_64) AppleWebKit/537.36 (KHTML, like Gecko) Chrome/81.0.4044.129 Safari/537.36"
::1 - - [04/May/2020:10:22:19 +0000] "OPTIONS /feed/posts?page=1 HTTP/1.1" 200 8 "http://localhost:3000/" "Mozilla/5.0 (X11; Linux x86_64) AppleWebKit/537.36 (KHTML, like Gecko) Chrome/81.0.4044.129 Safari/537.36"
::1 - - [04/May/2020:10:22:19 +0000] "GET /auth/status HTTP/1.1" 304 - "http://localhost:3000/" "Mozilla/5.0 (X11; Linux x86_64) AppleWebKit/537.36 (KHTML, like Gecko) Chrome/81.0.4044.129 Safari/537.36"
::1 - - [04/May/2020:10:22:20 +0000] "GET /feed/posts?page=1 HTTP/1.1" 304 - "http://localhost:3000/" "Mozilla/5.0 (X11; Linux x86_64) AppleWebKit/537.36 (KHTML, like Gecko) Chrome/81.0.4044.129 Safari/537.36"
::1 - - [04/May/2020:10:22:51 +0000] "OPTIONS /auth/status HTTP/1.1" 200 12 "http://localhost:3000/" "Mozilla/5.0 (X11; Linux x86_64) AppleWebKit/537.36 (KHTML, like Gecko) Chrome/81.0.4044.129 Safari/537.36"
::1 - - [04/May/2020:10:22:51 +0000] "OPTIONS /feed/posts?page=1 HTTP/1.1" 200 8 "http://localhost:3000/" "Mozilla/5.0 (X11; Linux x86_64) AppleWebKit/537.36 (KHTML, like Gecko) Chrome/81.0.4044.129 Safari/537.36"
::1 - - [04/May/2020:10:22:52 +0000] "GET /auth/status HTTP/1.1" 304 - "http://localhost:3000/" "Mozilla/5.0 (X11; Linux x86_64) AppleWebKit/537.36 (KHTML, like Gecko) Chrome/81.0.4044.129 Safari/537.36"
::1 - - [04/May/2020:10:22:52 +0000] "GET /feed/posts?page=1 HTTP/1.1" 304 - "http://localhost:3000/" "Mozilla/5.0 (X11; Linux x86_64) AppleWebKit/537.36 (KHTML, like Gecko) Chrome/81.0.4044.129 Safari/537.36"
::1 - - [04/May/2020:10:23:01 +0000] "OPTIONS /auth/status HTTP/1.1" 200 12 "http://localhost:3000/" "Mozilla/5.0 (X11; Linux x86_64) AppleWebKit/537.36 (KHTML, like Gecko) Chrome/81.0.4044.129 Safari/537.36"
::1 - - [04/May/2020:10:23:01 +0000] "PATCH /auth/status HTTP/1.1" 404 152 "http://localhost:3000/" "Mozilla/5.0 (X11; Linux x86_64) AppleWebKit/537.36 (KHTML, like Gecko) Chrome/81.0.4044.129 Safari/537.36"
::1 - - [04/May/2020:10:23:06 +0000] "PATCH /auth/status HTTP/1.1" 404 152 "http://localhost:3000/" "Mozilla/5.0 (X11; Linux x86_64) AppleWebKit/537.36 (KHTML, like Gecko) Chrome/81.0.4044.129 Safari/537.36"
::1 - - [04/May/2020:10:23:16 +0000] "OPTIONS /feed/post/5eaeab546213864a48b71a85 HTTP/1.1" 200 19 "http://localhost:3000/" "Mozilla/5.0 (X11; Linux x86_64) AppleWebKit/537.36 (KHTML, like Gecko) Chrome/81.0.4044.129 Safari/537.36"
::1 - - [04/May/2020:10:23:17 +0000] "PUT /feed/post/5eaeab546213864a48b71a85 HTTP/1.1" 500 28 "http://localhost:3000/" "Mozilla/5.0 (X11; Linux x86_64) AppleWebKit/537.36 (KHTML, like Gecko) Chrome/81.0.4044.129 Safari/537.36"
::1 - - [04/May/2020:10:23:28 +0000] "OPTIONS /auth/login HTTP/1.1" 200 4 "http://localhost:3000/" "Mozilla/5.0 (X11; Linux x86_64) AppleWebKit/537.36 (KHTML, like Gecko) Chrome/81.0.4044.129 Safari/537.36"
::1 - - [04/May/2020:10:23:29 +0000] "POST /auth/login HTTP/1.1" 200 257 "http://localhost:3000/" "Mozilla/5.0 (X11; Linux x86_64) AppleWebKit/537.36 (KHTML, like Gecko) Chrome/81.0.4044.129 Safari/537.36"
::1 - - [04/May/2020:10:23:29 +0000] "OPTIONS /auth/status HTTP/1.1" 200 12 "http://localhost:3000/" "Mozilla/5.0 (X11; Linux x86_64) AppleWebKit/537.36 (KHTML, like Gecko) Chrome/81.0.4044.129 Safari/537.36"
::1 - - [04/May/2020:10:23:29 +0000] "OPTIONS /feed/posts?page=1 HTTP/1.1" 200 8 "http://localhost:3000/" "Mozilla/5.0 (X11; Linux x86_64) AppleWebKit/537.36 (KHTML, like Gecko) Chrome/81.0.4044.129 Safari/537.36"
::1 - - [04/May/2020:10:23:29 +0000] "GET /auth/status HTTP/1.1" 304 - "http://localhost:3000/" "Mozilla/5.0 (X11; Linux x86_64) AppleWebKit/537.36 (KHTML, like Gecko) Chrome/81.0.4044.129 Safari/537.36"
::1 - - [04/May/2020:10:23:30 +0000] "GET /feed/posts?page=1 HTTP/1.1" 304 - "http://localhost:3000/" "Mozilla/5.0 (X11; Linux x86_64) AppleWebKit/537.36 (KHTML, like Gecko) Chrome/81.0.4044.129 Safari/537.36"
::1 - - [04/May/2020:10:23:50 +0000] "OPTIONS /feed/post HTTP/1.1" 200 4 "http://localhost:3000/" "Mozilla/5.0 (X11; Linux x86_64) AppleWebKit/537.36 (KHTML, like Gecko) Chrome/81.0.4044.129 Safari/537.36"
::1 - - [04/May/2020:10:23:51 +0000] "POST /feed/post HTTP/1.1" 500 53 "http://localhost:3000/" "Mozilla/5.0 (X11; Linux x86_64) AppleWebKit/537.36 (KHTML, like Gecko) Chrome/81.0.4044.129 Safari/537.36"
::1 - - [04/May/2020:10:28:27 +0000] "OPTIONS /auth/status HTTP/1.1" 200 14 "http://localhost:3000/" "Mozilla/5.0 (X11; Linux x86_64) AppleWebKit/537.36 (KHTML, like Gecko) Chrome/81.0.4044.129 Safari/537.36"
::1 - - [04/May/2020:10:28:28 +0000] "PATCH /auth/status HTTP/1.1" 200 27 "http://localhost:3000/" "Mozilla/5.0 (X11; Linux x86_64) AppleWebKit/537.36 (KHTML, like Gecko) Chrome/81.0.4044.129 Safari/537.36"
::1 - - [04/May/2020:10:28:38 +0000] "OPTIONS /auth/status HTTP/1.1" 200 14 "http://localhost:3000/" "Mozilla/5.0 (X11; Linux x86_64) AppleWebKit/537.36 (KHTML, like Gecko) Chrome/81.0.4044.129 Safari/537.36"
::1 - - [04/May/2020:10:28:39 +0000] "PATCH /auth/status HTTP/1.1" 200 27 "http://localhost:3000/" "Mozilla/5.0 (X11; Linux x86_64) AppleWebKit/537.36 (KHTML, like Gecko) Chrome/81.0.4044.129 Safari/537.36"
::1 - - [04/May/2020:10:28:43 +0000] "OPTIONS /feed/post/5eaeab546213864a48b71a85 HTTP/1.1" 200 19 "http://localhost:3000/" "Mozilla/5.0 (X11; Linux x86_64) AppleWebKit/537.36 (KHTML, like Gecko) Chrome/81.0.4044.129 Safari/537.36"
::1 - - [04/May/2020:10:28:44 +0000] "PUT /feed/post/5eaeab546213864a48b71a85 HTTP/1.1" 403 29 "http://localhost:3000/" "Mozilla/5.0 (X11; Linux x86_64) AppleWebKit/537.36 (KHTML, like Gecko) Chrome/81.0.4044.129 Safari/537.36"
::1 - - [04/May/2020:10:28:52 +0000] "OPTIONS /feed/posts?page=2 HTTP/1.1" 200 8 "http://localhost:3000/" "Mozilla/5.0 (X11; Linux x86_64) AppleWebKit/537.36 (KHTML, like Gecko) Chrome/81.0.4044.129 Safari/537.36"
::1 - - [04/May/2020:10:28:55 +0000] "GET /feed/posts?page=2 HTTP/1.1" 200 - "http://localhost:3000/" "Mozilla/5.0 (X11; Linux x86_64) AppleWebKit/537.36 (KHTML, like Gecko) Chrome/81.0.4044.129 Safari/537.36"
::1 - - [04/May/2020:10:28:58 +0000] "OPTIONS /feed/post/5eaea9b6f0fb44465f8526b5 HTTP/1.1" 200 19 "http://localhost:3000/" "Mozilla/5.0 (X11; Linux x86_64) AppleWebKit/537.36 (KHTML, like Gecko) Chrome/81.0.4044.129 Safari/537.36"
::1 - - [04/May/2020:10:28:59 +0000] "DELETE /feed/post/5eaea9b6f0fb44465f8526b5 HTTP/1.1" 403 29 "http://localhost:3000/" "Mozilla/5.0 (X11; Linux x86_64) AppleWebKit/537.36 (KHTML, like Gecko) Chrome/81.0.4044.129 Safari/537.36"
::1 - - [04/May/2020:10:29:01 +0000] "OPTIONS /feed/post/5eaeaa0bf0fb44465f8526b7 HTTP/1.1" 200 19 "http://localhost:3000/" "Mozilla/5.0 (X11; Linux x86_64) AppleWebKit/537.36 (KHTML, like Gecko) Chrome/81.0.4044.129 Safari/537.36"
::1 - - [04/May/2020:10:29:01 +0000] "DELETE /feed/post/5eaeaa0bf0fb44465f8526b7 HTTP/1.1" 403 29 "http://localhost:3000/" "Mozilla/5.0 (X11; Linux x86_64) AppleWebKit/537.36 (KHTML, like Gecko) Chrome/81.0.4044.129 Safari/537.36"
::1 - - [04/May/2020:10:29:03 +0000] "OPTIONS /feed/posts?page=1 HTTP/1.1" 200 8 "http://localhost:3000/" "Mozilla/5.0 (X11; Linux x86_64) AppleWebKit/537.36 (KHTML, like Gecko) Chrome/81.0.4044.129 Safari/537.36"
::1 - - [04/May/2020:10:29:04 +0000] "GET /feed/posts?page=1 HTTP/1.1" 200 - "http://localhost:3000/" "Mozilla/5.0 (X11; Linux x86_64) AppleWebKit/537.36 (KHTML, like Gecko) Chrome/81.0.4044.129 Safari/537.36"
::1 - - [04/May/2020:10:29:13 +0000] "OPTIONS /feed/post HTTP/1.1" 200 4 "http://localhost:3000/" "Mozilla/5.0 (X11; Linux x86_64) AppleWebKit/537.36 (KHTML, like Gecko) Chrome/81.0.4044.129 Safari/537.36"
::1 - - [04/May/2020:10:29:14 +0000] "POST /feed/post HTTP/1.1" 201 382 "http://localhost:3000/" "Mozilla/5.0 (X11; Linux x86_64) AppleWebKit/537.36 (KHTML, like Gecko) Chrome/81.0.4044.129 Safari/537.36"
::1 - - [04/May/2020:10:29:19 +0000] "OPTIONS /feed/post/5eafed36db441534d4e14b5a HTTP/1.1" 200 19 "http://localhost:3000/" "Mozilla/5.0 (X11; Linux x86_64) AppleWebKit/537.36 (KHTML, like Gecko) Chrome/81.0.4044.129 Safari/537.36"
::1 - - [04/May/2020:10:29:20 +0000] "DELETE /feed/post/5eafed36db441534d4e14b5a HTTP/1.1" 200 27 "http://localhost:3000/" "Mozilla/5.0 (X11; Linux x86_64) AppleWebKit/537.36 (KHTML, like Gecko) Chrome/81.0.4044.129 Safari/537.36"
::1 - - [04/May/2020:10:29:20 +0000] "OPTIONS /feed/posts?page=1 HTTP/1.1" 200 8 "http://localhost:3000/" "Mozilla/5.0 (X11; Linux x86_64) AppleWebKit/537.36 (KHTML, like Gecko) Chrome/81.0.4044.129 Safari/537.36"
::1 - - [04/May/2020:10:29:20 +0000] "OPTIONS /feed/posts?page=1 HTTP/1.1" 200 8 "http://localhost:3000/" "Mozilla/5.0 (X11; Linux x86_64) AppleWebKit/537.36 (KHTML, like Gecko) Chrome/81.0.4044.129 Safari/537.36"
::1 - - [04/May/2020:10:29:20 +0000] "OPTIONS /feed/posts?page=1 HTTP/1.1" 200 8 "http://localhost:3000/" "Mozilla/5.0 (X11; Linux x86_64) AppleWebKit/537.36 (KHTML, like Gecko) Chrome/81.0.4044.129 Safari/537.36"
::1 - - [04/May/2020:10:29:21 +0000] "GET /feed/posts?page=1 HTTP/1.1" 200 - "http://localhost:3000/" "Mozilla/5.0 (X11; Linux x86_64) AppleWebKit/537.36 (KHTML, like Gecko) Chrome/81.0.4044.129 Safari/537.36"
::1 - - [04/May/2020:10:29:23 +0000] "GET /feed/posts?page=1 HTTP/1.1" 304 - "http://localhost:3000/" "Mozilla/5.0 (X11; Linux x86_64) AppleWebKit/537.36 (KHTML, like Gecko) Chrome/81.0.4044.129 Safari/537.36"
::1 - - [04/May/2020:10:29:24 +0000] "GET /feed/posts?page=1 HTTP/1.1" 304 - "http://localhost:3000/" "Mozilla/5.0 (X11; Linux x86_64) AppleWebKit/537.36 (KHTML, like Gecko) Chrome/81.0.4044.129 Safari/537.36"
::1 - - [04/May/2020:10:40:13 +0000] "OPTIONS /auth/login HTTP/1.1" 200 4 "http://localhost:3000/" "Mozilla/5.0 (X11; Linux x86_64) AppleWebKit/537.36 (KHTML, like Gecko) Chrome/81.0.4044.129 Safari/537.36"
::1 - - [04/May/2020:10:40:14 +0000] "POST /auth/login HTTP/1.1" 200 257 "http://localhost:3000/" "Mozilla/5.0 (X11; Linux x86_64) AppleWebKit/537.36 (KHTML, like Gecko) Chrome/81.0.4044.129 Safari/537.36"
::1 - - [04/May/2020:10:40:14 +0000] "OPTIONS /auth/status HTTP/1.1" 200 14 "http://localhost:3000/" "Mozilla/5.0 (X11; Linux x86_64) AppleWebKit/537.36 (KHTML, like Gecko) Chrome/81.0.4044.129 Safari/537.36"
::1 - - [04/May/2020:10:40:14 +0000] "OPTIONS /feed/posts?page=1 HTTP/1.1" 200 8 "http://localhost:3000/" "Mozilla/5.0 (X11; Linux x86_64) AppleWebKit/537.36 (KHTML, like Gecko) Chrome/81.0.4044.129 Safari/537.36"
::1 - - [04/May/2020:10:40:14 +0000] "GET /auth/status HTTP/1.1" 200 22 "http://localhost:3000/" "Mozilla/5.0 (X11; Linux x86_64) AppleWebKit/537.36 (KHTML, like Gecko) Chrome/81.0.4044.129 Safari/537.36"
::1 - - [04/May/2020:10:40:15 +0000] "GET /feed/posts?page=1 HTTP/1.1" 304 - "http://localhost:3000/" "Mozilla/5.0 (X11; Linux x86_64) AppleWebKit/537.36 (KHTML, like Gecko) Chrome/81.0.4044.129 Safari/537.36"
::1 - - [04/May/2020:10:44:55 +0000] "OPTIONS /auth/status HTTP/1.1" 200 14 "http://localhost:3000/" "Mozilla/5.0 (X11; Linux x86_64) AppleWebKit/537.36 (KHTML, like Gecko) Chrome/81.0.4044.129 Safari/537.36"
::1 - - [04/May/2020:10:44:55 +0000] "OPTIONS /feed/posts?page=1 HTTP/1.1" 200 8 "http://localhost:3000/" "Mozilla/5.0 (X11; Linux x86_64) AppleWebKit/537.36 (KHTML, like Gecko) Chrome/81.0.4044.129 Safari/537.36"
::1 - - [04/May/2020:10:44:55 +0000] "GET /auth/status HTTP/1.1" 304 - "http://localhost:3000/" "Mozilla/5.0 (X11; Linux x86_64) AppleWebKit/537.36 (KHTML, like Gecko) Chrome/81.0.4044.129 Safari/537.36"
::1 - - [04/May/2020:10:44:56 +0000] "GET /feed/posts?page=1 HTTP/1.1" 304 - "http://localhost:3000/" "Mozilla/5.0 (X11; Linux x86_64) AppleWebKit/537.36 (KHTML, like Gecko) Chrome/81.0.4044.129 Safari/537.36"
::1 - - [04/May/2020:10:45:20 +0000] "OPTIONS /feed/post/5eafee795ea8e33eabf18865 HTTP/1.1" 200 19 "http://localhost:3000/5eafee795ea8e33eabf18865" "Mozilla/5.0 (X11; Linux x86_64) AppleWebKit/537.36 (KHTML, like Gecko) Chrome/81.0.4044.129 Safari/537.36"
::1 - - [04/May/2020:10:45:21 +0000] "GET /feed/post/5eafee795ea8e33eabf18865 HTTP/1.1" 200 310 "http://localhost:3000/5eafee795ea8e33eabf18865" "Mozilla/5.0 (X11; Linux x86_64) AppleWebKit/537.36 (KHTML, like Gecko) Chrome/81.0.4044.129 Safari/537.36"
::1 - - [04/May/2020:10:45:21 +0000] "GET /images/2020-05-04T10:29:13.526Z-red-book-vector-illustration.jpg HTTP/1.1" 200 15618 "http://localhost:3000/5eafee795ea8e33eabf18865" "Mozilla/5.0 (X11; Linux x86_64) AppleWebKit/537.36 (KHTML, like Gecko) Chrome/81.0.4044.129 Safari/537.36"
::1 - - [04/May/2020:10:45:22 +0000] "OPTIONS /auth/status HTTP/1.1" 200 14 "http://localhost:3000/" "Mozilla/5.0 (X11; Linux x86_64) AppleWebKit/537.36 (KHTML, like Gecko) Chrome/81.0.4044.129 Safari/537.36"
::1 - - [04/May/2020:10:45:22 +0000] "OPTIONS /feed/posts?page=1 HTTP/1.1" 200 8 "http://localhost:3000/" "Mozilla/5.0 (X11; Linux x86_64) AppleWebKit/537.36 (KHTML, like Gecko) Chrome/81.0.4044.129 Safari/537.36"
::1 - - [04/May/2020:10:45:23 +0000] "GET /auth/status HTTP/1.1" 304 - "http://localhost:3000/" "Mozilla/5.0 (X11; Linux x86_64) AppleWebKit/537.36 (KHTML, like Gecko) Chrome/81.0.4044.129 Safari/537.36"
::1 - - [04/May/2020:10:45:23 +0000] "GET /feed/posts?page=1 HTTP/1.1" 304 - "http://localhost:3000/" "Mozilla/5.0 (X11; Linux x86_64) AppleWebKit/537.36 (KHTML, like Gecko) Chrome/81.0.4044.129 Safari/537.36"
::1 - - [04/May/2020:10:45:25 +0000] "OPTIONS /feed/post/5eaeab546213864a48b71a85 HTTP/1.1" 200 19 "http://localhost:3000/5eaeab546213864a48b71a85" "Mozilla/5.0 (X11; Linux x86_64) AppleWebKit/537.36 (KHTML, like Gecko) Chrome/81.0.4044.129 Safari/537.36"
::1 - - [04/May/2020:10:45:25 +0000] "GET /feed/post/5eaeab546213864a48b71a85 HTTP/1.1" 200 294 "http://localhost:3000/5eaeab546213864a48b71a85" "Mozilla/5.0 (X11; Linux x86_64) AppleWebKit/537.36 (KHTML, like Gecko) Chrome/81.0.4044.129 Safari/537.36"
::1 - - [04/May/2020:10:45:25 +0000] "GET /images/2020-05-03T11:30:57.248Z-images.jpeg HTTP/1.1" 404 182 "http://localhost:3000/5eaeab546213864a48b71a85" "Mozilla/5.0 (X11; Linux x86_64) AppleWebKit/537.36 (KHTML, like Gecko) Chrome/81.0.4044.129 Safari/537.36"
::1 - - [04/May/2020:10:45:28 +0000] "OPTIONS /auth/status HTTP/1.1" 200 14 "http://localhost:3000/" "Mozilla/5.0 (X11; Linux x86_64) AppleWebKit/537.36 (KHTML, like Gecko) Chrome/81.0.4044.129 Safari/537.36"
::1 - - [04/May/2020:10:45:28 +0000] "OPTIONS /feed/posts?page=1 HTTP/1.1" 200 8 "http://localhost:3000/" "Mozilla/5.0 (X11; Linux x86_64) AppleWebKit/537.36 (KHTML, like Gecko) Chrome/81.0.4044.129 Safari/537.36"
::1 - - [04/May/2020:10:45:28 +0000] "GET /auth/status HTTP/1.1" 304 - "http://localhost:3000/" "Mozilla/5.0 (X11; Linux x86_64) AppleWebKit/537.36 (KHTML, like Gecko) Chrome/81.0.4044.129 Safari/537.36"
::1 - - [04/May/2020:10:45:29 +0000] "GET /feed/posts?page=1 HTTP/1.1" 304 - "http://localhost:3000/" "Mozilla/5.0 (X11; Linux x86_64) AppleWebKit/537.36 (KHTML, like Gecko) Chrome/81.0.4044.129 Safari/537.36"
::1 - - [04/May/2020:10:45:30 +0000] "OPTIONS /feed/posts?page=2 HTTP/1.1" 200 8 "http://localhost:3000/" "Mozilla/5.0 (X11; Linux x86_64) AppleWebKit/537.36 (KHTML, like Gecko) Chrome/81.0.4044.129 Safari/537.36"
::1 - - [04/May/2020:10:45:31 +0000] "GET /feed/posts?page=2 HTTP/1.1" 304 - "http://localhost:3000/" "Mozilla/5.0 (X11; Linux x86_64) AppleWebKit/537.36 (KHTML, like Gecko) Chrome/81.0.4044.129 Safari/537.36"
::1 - - [04/May/2020:10:45:32 +0000] "OPTIONS /feed/post/5eaeaa0bf0fb44465f8526b7 HTTP/1.1" 200 19 "http://localhost:3000/5eaeaa0bf0fb44465f8526b7" "Mozilla/5.0 (X11; Linux x86_64) AppleWebKit/537.36 (KHTML, like Gecko) Chrome/81.0.4044.129 Safari/537.36"
::1 - - [04/May/2020:10:45:32 +0000] "GET /feed/post/5eaeaa0bf0fb44465f8526b7 HTTP/1.1" 200 293 "http://localhost:3000/5eaeaa0bf0fb44465f8526b7" "Mozilla/5.0 (X11; Linux x86_64) AppleWebKit/537.36 (KHTML, like Gecko) Chrome/81.0.4044.129 Safari/537.36"
::1 - - [04/May/2020:10:45:33 +0000] "GET /images/2020-05-03T11:24:59.599Z-images.jpeg HTTP/1.1" 404 182 "http://localhost:3000/5eaeaa0bf0fb44465f8526b7" "Mozilla/5.0 (X11; Linux x86_64) AppleWebKit/537.36 (KHTML, like Gecko) Chrome/81.0.4044.129 Safari/537.36"
::1 - - [04/May/2020:10:45:38 +0000] "OPTIONS /auth/status HTTP/1.1" 200 14 "http://localhost:3000/" "Mozilla/5.0 (X11; Linux x86_64) AppleWebKit/537.36 (KHTML, like Gecko) Chrome/81.0.4044.129 Safari/537.36"
::1 - - [04/May/2020:10:45:38 +0000] "OPTIONS /feed/posts?page=1 HTTP/1.1" 200 8 "http://localhost:3000/" "Mozilla/5.0 (X11; Linux x86_64) AppleWebKit/537.36 (KHTML, like Gecko) Chrome/81.0.4044.129 Safari/537.36"
::1 - - [04/May/2020:10:45:38 +0000] "GET /auth/status HTTP/1.1" 304 - "http://localhost:3000/" "Mozilla/5.0 (X11; Linux x86_64) AppleWebKit/537.36 (KHTML, like Gecko) Chrome/81.0.4044.129 Safari/537.36"
::1 - - [04/May/2020:10:45:39 +0000] "GET /feed/posts?page=1 HTTP/1.1" 304 - "http://localhost:3000/" "Mozilla/5.0 (X11; Linux x86_64) AppleWebKit/537.36 (KHTML, like Gecko) Chrome/81.0.4044.129 Safari/537.36"
::1 - - [04/May/2020:10:45:41 +0000] "OPTIONS /feed/posts?page=2 HTTP/1.1" 200 8 "http://localhost:3000/" "Mozilla/5.0 (X11; Linux x86_64) AppleWebKit/537.36 (KHTML, like Gecko) Chrome/81.0.4044.129 Safari/537.36"
::1 - - [04/May/2020:10:45:42 +0000] "GET /feed/posts?page=2 HTTP/1.1" 304 - "http://localhost:3000/" "Mozilla/5.0 (X11; Linux x86_64) AppleWebKit/537.36 (KHTML, like Gecko) Chrome/81.0.4044.129 Safari/537.36"
::1 - - [04/May/2020:10:45:42 +0000] "OPTIONS /feed/post/5eaea9b6f0fb44465f8526b5 HTTP/1.1" 200 19 "http://localhost:3000/5eaea9b6f0fb44465f8526b5" "Mozilla/5.0 (X11; Linux x86_64) AppleWebKit/537.36 (KHTML, like Gecko) Chrome/81.0.4044.129 Safari/537.36"
::1 - - [04/May/2020:10:45:43 +0000] "GET /feed/post/5eaea9b6f0fb44465f8526b5 HTTP/1.1" 200 309 "http://localhost:3000/5eaea9b6f0fb44465f8526b5" "Mozilla/5.0 (X11; Linux x86_64) AppleWebKit/537.36 (KHTML, like Gecko) Chrome/81.0.4044.129 Safari/537.36"
::1 - - [04/May/2020:10:45:43 +0000] "GET /images/2020-05-03T11:23:33.468Z-red-book-vector-illustration.jpg HTTP/1.1" 404 203 "http://localhost:3000/5eaea9b6f0fb44465f8526b5" "Mozilla/5.0 (X11; Linux x86_64) AppleWebKit/537.36 (KHTML, like Gecko) Chrome/81.0.4044.129 Safari/537.36"
::1 - - [04/May/2020:10:45:51 +0000] "OPTIONS /auth/status HTTP/1.1" 200 14 "http://localhost:3000/" "Mozilla/5.0 (X11; Linux x86_64) AppleWebKit/537.36 (KHTML, like Gecko) Chrome/81.0.4044.129 Safari/537.36"
::1 - - [04/May/2020:10:45:51 +0000] "OPTIONS /feed/posts?page=1 HTTP/1.1" 200 8 "http://localhost:3000/" "Mozilla/5.0 (X11; Linux x86_64) AppleWebKit/537.36 (KHTML, like Gecko) Chrome/81.0.4044.129 Safari/537.36"
::1 - - [04/May/2020:10:45:52 +0000] "GET /auth/status HTTP/1.1" 304 - "http://localhost:3000/" "Mozilla/5.0 (X11; Linux x86_64) AppleWebKit/537.36 (KHTML, like Gecko) Chrome/81.0.4044.129 Safari/537.36"
::1 - - [04/May/2020:10:45:53 +0000] "GET /feed/posts?page=1 HTTP/1.1" 304 - "http://localhost:3000/" "Mozilla/5.0 (X11; Linux x86_64) AppleWebKit/537.36 (KHTML, like Gecko) Chrome/81.0.4044.129 Safari/537.36"
::1 - - [04/May/2020:10:46:00 +0000] "OPTIONS /feed/post/5eafee795ea8e33eabf18865 HTTP/1.1" 200 19 "http://localhost:3000/" "Mozilla/5.0 (X11; Linux x86_64) AppleWebKit/537.36 (KHTML, like Gecko) Chrome/81.0.4044.129 Safari/537.36"
::1 - - [04/May/2020:10:46:02 +0000] "DELETE /feed/post/5eafee795ea8e33eabf18865 HTTP/1.1" 200 27 "http://localhost:3000/" "Mozilla/5.0 (X11; Linux x86_64) AppleWebKit/537.36 (KHTML, like Gecko) Chrome/81.0.4044.129 Safari/537.36"
::1 - - [04/May/2020:10:46:02 +0000] "OPTIONS /feed/posts?page=1 HTTP/1.1" 200 8 "http://localhost:3000/" "Mozilla/5.0 (X11; Linux x86_64) AppleWebKit/537.36 (KHTML, like Gecko) Chrome/81.0.4044.129 Safari/537.36"
::1 - - [04/May/2020:10:46:02 +0000] "OPTIONS /feed/posts?page=1 HTTP/1.1" 200 8 "http://localhost:3000/" "Mozilla/5.0 (X11; Linux x86_64) AppleWebKit/537.36 (KHTML, like Gecko) Chrome/81.0.4044.129 Safari/537.36"
::1 - - [04/May/2020:10:46:02 +0000] "OPTIONS /feed/posts?page=2 HTTP/1.1" 200 8 "http://localhost:3000/" "Mozilla/5.0 (X11; Linux x86_64) AppleWebKit/537.36 (KHTML, like Gecko) Chrome/81.0.4044.129 Safari/537.36"
::1 - - [04/May/2020:10:46:02 +0000] "OPTIONS /feed/posts?page=2 HTTP/1.1" 200 8 "http://localhost:3000/" "Mozilla/5.0 (X11; Linux x86_64) AppleWebKit/537.36 (KHTML, like Gecko) Chrome/81.0.4044.129 Safari/537.36"
::1 - - [04/May/2020:10:46:02 +0000] "OPTIONS /feed/posts?page=1 HTTP/1.1" 200 8 "http://localhost:3000/" "Mozilla/5.0 (X11; Linux x86_64) AppleWebKit/537.36 (KHTML, like Gecko) Chrome/81.0.4044.129 Safari/537.36"
::1 - - [04/May/2020:10:46:03 +0000] "GET /feed/posts?page=2 HTTP/1.1" 200 595 "http://localhost:3000/" "Mozilla/5.0 (X11; Linux x86_64) AppleWebKit/537.36 (KHTML, like Gecko) Chrome/81.0.4044.129 Safari/537.36"
::1 - - [04/May/2020:10:46:03 +0000] "GET /feed/posts?page=1 HTTP/1.1" 200 - "http://localhost:3000/" "Mozilla/5.0 (X11; Linux x86_64) AppleWebKit/537.36 (KHTML, like Gecko) Chrome/81.0.4044.129 Safari/537.36"
::1 - - [04/May/2020:10:46:05 +0000] "GET /feed/posts?page=2 HTTP/1.1" 304 - "http://localhost:3000/" "Mozilla/5.0 (X11; Linux x86_64) AppleWebKit/537.36 (KHTML, like Gecko) Chrome/81.0.4044.129 Safari/537.36"
::1 - - [04/May/2020:10:46:05 +0000] "GET /feed/posts?page=1 HTTP/1.1" 304 - "http://localhost:3000/" "Mozilla/5.0 (X11; Linux x86_64) AppleWebKit/537.36 (KHTML, like Gecko) Chrome/81.0.4044.129 Safari/537.36"
::1 - - [04/May/2020:10:46:06 +0000] "GET /feed/posts?page=1 HTTP/1.1" 304 - "http://localhost:3000/" "Mozilla/5.0 (X11; Linux x86_64) AppleWebKit/537.36 (KHTML, like Gecko) Chrome/81.0.4044.129 Safari/537.36"
::1 - - [04/May/2020:10:46:08 +0000] "GET /feed/posts?page=1 HTTP/1.1" 304 - "http://localhost:3000/" "Mozilla/5.0 (X11; Linux x86_64) AppleWebKit/537.36 (KHTML, like Gecko) Chrome/81.0.4044.129 Safari/537.36"
::1 - - [04/May/2020:10:47:48 +0000] "OPTIONS /auth/status HTTP/1.1" 200 14 "http://localhost:3000/" "Mozilla/5.0 (X11; Linux x86_64) AppleWebKit/537.36 (KHTML, like Gecko) Chrome/81.0.4044.129 Safari/537.36"
::1 - - [04/May/2020:10:47:48 +0000] "OPTIONS /feed/posts?page=1 HTTP/1.1" 200 8 "http://localhost:3000/" "Mozilla/5.0 (X11; Linux x86_64) AppleWebKit/537.36 (KHTML, like Gecko) Chrome/81.0.4044.129 Safari/537.36"
::1 - - [04/May/2020:11:12:53 +0000] "GET / HTTP/1.1" 404 139 "-" "Mozilla/5.0 (X11; Linux x86_64) AppleWebKit/537.36 (KHTML, like Gecko) Chrome/81.0.4044.129 Safari/537.36"
::1 - - [04/May/2020:11:13:05 +0000] "GET /feeds HTTP/1.1" 404 144 "-" "Mozilla/5.0 (X11; Linux x86_64) AppleWebKit/537.36 (KHTML, like Gecko) Chrome/81.0.4044.129 Safari/537.36"
::1 - - [04/May/2020:11:13:15 +0000] "GET /feed HTTP/1.1" 404 143 "-" "Mozilla/5.0 (X11; Linux x86_64) AppleWebKit/537.36 (KHTML, like Gecko) Chrome/81.0.4044.129 Safari/537.36"
::1 - - [04/May/2020:11:13:22 +0000] "GET /feeds/posts HTTP/1.1" 404 150 "-" "Mozilla/5.0 (X11; Linux x86_64) AppleWebKit/537.36 (KHTML, like Gecko) Chrome/81.0.4044.129 Safari/537.36"
::1 - - [04/May/2020:11:13:25 +0000] "GET /feeds/post HTTP/1.1" 404 149 "-" "Mozilla/5.0 (X11; Linux x86_64) AppleWebKit/537.36 (KHTML, like Gecko) Chrome/81.0.4044.129 Safari/537.36"
::1 - - [04/May/2020:11:14:38 +0000] "OPTIONS /auth/status HTTP/1.1" 200 14 "http://localhost:3000/" "Mozilla/5.0 (X11; Linux x86_64) AppleWebKit/537.36 (KHTML, like Gecko) Chrome/81.0.4044.129 Safari/537.36"
::1 - - [04/May/2020:11:14:38 +0000] "OPTIONS /feed/posts?page=1 HTTP/1.1" 200 8 "http://localhost:3000/" "Mozilla/5.0 (X11; Linux x86_64) AppleWebKit/537.36 (KHTML, like Gecko) Chrome/81.0.4044.129 Safari/537.36"
::1 - - [04/May/2020:11:14:39 +0000] "GET /auth/status HTTP/1.1" 404 29 "http://localhost:3000/" "Mozilla/5.0 (X11; Linux x86_64) AppleWebKit/537.36 (KHTML, like Gecko) Chrome/81.0.4044.129 Safari/537.36"
::1 - - [04/May/2020:11:14:41 +0000] "GET /feed/posts?page=1 HTTP/1.1" 200 67 "http://localhost:3000/" "Mozilla/5.0 (X11; Linux x86_64) AppleWebKit/537.36 (KHTML, like Gecko) Chrome/81.0.4044.129 Safari/537.36"
::1 - - [04/May/2020:11:15:04 +0000] "OPTIONS /auth/signup HTTP/1.1" 200 3 "http://localhost:3000/signup" "Mozilla/5.0 (X11; Linux x86_64) AppleWebKit/537.36 (KHTML, like Gecko) Chrome/81.0.4044.129 Safari/537.36"
::1 - - [04/May/2020:11:15:05 +0000] "PUT /auth/signup HTTP/1.1" 201 63 "http://localhost:3000/signup" "Mozilla/5.0 (X11; Linux x86_64) AppleWebKit/537.36 (KHTML, like Gecko) Chrome/81.0.4044.129 Safari/537.36"
::1 - - [04/May/2020:11:15:10 +0000] "OPTIONS /auth/login HTTP/1.1" 200 4 "http://localhost:3000/" "Mozilla/5.0 (X11; Linux x86_64) AppleWebKit/537.36 (KHTML, like Gecko) Chrome/81.0.4044.129 Safari/537.36"
::1 - - [04/May/2020:11:15:11 +0000] "POST /auth/login HTTP/1.1" 200 257 "http://localhost:3000/" "Mozilla/5.0 (X11; Linux x86_64) AppleWebKit/537.36 (KHTML, like Gecko) Chrome/81.0.4044.129 Safari/537.36"
::1 - - [04/May/2020:11:15:11 +0000] "OPTIONS /auth/status HTTP/1.1" 200 14 "http://localhost:3000/" "Mozilla/5.0 (X11; Linux x86_64) AppleWebKit/537.36 (KHTML, like Gecko) Chrome/81.0.4044.129 Safari/537.36"
::1 - - [04/May/2020:11:15:11 +0000] "OPTIONS /feed/posts?page=1 HTTP/1.1" 200 8 "http://localhost:3000/" "Mozilla/5.0 (X11; Linux x86_64) AppleWebKit/537.36 (KHTML, like Gecko) Chrome/81.0.4044.129 Safari/537.36"
::1 - - [04/May/2020:11:15:11 +0000] "GET /auth/status HTTP/1.1" 200 22 "http://localhost:3000/" "Mozilla/5.0 (X11; Linux x86_64) AppleWebKit/537.36 (KHTML, like Gecko) Chrome/81.0.4044.129 Safari/537.36"
::1 - - [04/May/2020:11:15:11 +0000] "GET /feed/posts?page=1 HTTP/1.1" 304 - "http://localhost:3000/" "Mozilla/5.0 (X11; Linux x86_64) AppleWebKit/537.36 (KHTML, like Gecko) Chrome/81.0.4044.129 Safari/537.36"
::1 - - [04/May/2020:11:15:29 +0000] "OPTIONS /auth/status HTTP/1.1" 200 14 "http://localhost:3000/" "Mozilla/5.0 (X11; Linux x86_64) AppleWebKit/537.36 (KHTML, like Gecko) Chrome/81.0.4044.129 Safari/537.36"
::1 - - [04/May/2020:11:15:30 +0000] "PATCH /auth/status HTTP/1.1" 200 27 "http://localhost:3000/" "Mozilla/5.0 (X11; Linux x86_64) AppleWebKit/537.36 (KHTML, like Gecko) Chrome/81.0.4044.129 Safari/537.36"
::1 - - [04/May/2020:11:15:48 +0000] "OPTIONS /auth/status HTTP/1.1" 200 14 "http://localhost:3000/" "Mozilla/5.0 (X11; Linux x86_64) AppleWebKit/537.36 (KHTML, like Gecko) Chrome/81.0.4044.129 Safari/537.36"
::1 - - [04/May/2020:11:15:49 +0000] "PATCH /auth/status HTTP/1.1" 200 27 "http://localhost:3000/" "Mozilla/5.0 (X11; Linux x86_64) AppleWebKit/537.36 (KHTML, like Gecko) Chrome/81.0.4044.129 Safari/537.36"
::1 - - [04/May/2020:11:44:29 +0000] "OPTIONS /auth/login HTTP/1.1" 200 4 "http://localhost:3000/" "Mozilla/5.0 (X11; Linux x86_64) AppleWebKit/537.36 (KHTML, like Gecko) Chrome/81.0.4044.129 Safari/537.36"
::1 - - [04/May/2020:11:44:30 +0000] "POST /auth/login HTTP/1.1" 200 257 "http://localhost:3000/" "Mozilla/5.0 (X11; Linux x86_64) AppleWebKit/537.36 (KHTML, like Gecko) Chrome/81.0.4044.129 Safari/537.36"
::1 - - [04/May/2020:11:44:30 +0000] "OPTIONS /auth/status HTTP/1.1" 200 14 "http://localhost:3000/" "Mozilla/5.0 (X11; Linux x86_64) AppleWebKit/537.36 (KHTML, like Gecko) Chrome/81.0.4044.129 Safari/537.36"
::1 - - [04/May/2020:11:44:30 +0000] "OPTIONS /feed/posts?page=1 HTTP/1.1" 200 8 "http://localhost:3000/" "Mozilla/5.0 (X11; Linux x86_64) AppleWebKit/537.36 (KHTML, like Gecko) Chrome/81.0.4044.129 Safari/537.36"
::1 - - [04/May/2020:11:44:30 +0000] "GET /auth/status HTTP/1.1" 200 24 "http://localhost:3000/" "Mozilla/5.0 (X11; Linux x86_64) AppleWebKit/537.36 (KHTML, like Gecko) Chrome/81.0.4044.129 Safari/537.36"
::1 - - [04/May/2020:11:44:33 +0000] "GET /feed/posts?page=1 HTTP/1.1" 304 - "http://localhost:3000/" "Mozilla/5.0 (X11; Linux x86_64) AppleWebKit/537.36 (KHTML, like Gecko) Chrome/81.0.4044.129 Safari/537.36"
::1 - - [04/May/2020:11:44:51 +0000] "OPTIONS /auth/status HTTP/1.1" 200 14 "http://localhost:3000/" "Mozilla/5.0 (X11; Linux x86_64) AppleWebKit/537.36 (KHTML, like Gecko) Chrome/81.0.4044.129 Safari/537.36"
::1 - - [04/May/2020:11:44:51 +0000] "PATCH /auth/status HTTP/1.1" 200 27 "http://localhost:3000/" "Mozilla/5.0 (X11; Linux x86_64) AppleWebKit/537.36 (KHTML, like Gecko) Chrome/81.0.4044.129 Safari/537.36"
::1 - - [04/May/2020:11:45:23 +0000] "OPTIONS /feed/post HTTP/1.1" 200 4 "http://localhost:3000/" "Mozilla/5.0 (X11; Linux x86_64) AppleWebKit/537.36 (KHTML, like Gecko) Chrome/81.0.4044.129 Safari/537.36"
::1 - - [04/May/2020:11:45:24 +0000] "POST /feed/post HTTP/1.1" 201 390 "http://localhost:3000/" "Mozilla/5.0 (X11; Linux x86_64) AppleWebKit/537.36 (KHTML, like Gecko) Chrome/81.0.4044.129 Safari/537.36"
::1 - - [04/May/2020:11:45:26 +0000] "OPTIONS /feed/post/5eb000533c29fc5cedd3a659 HTTP/1.1" 200 19 "http://localhost:3000/5eb000533c29fc5cedd3a659" "Mozilla/5.0 (X11; Linux x86_64) AppleWebKit/537.36 (KHTML, like Gecko) Chrome/81.0.4044.129 Safari/537.36"
::1 - - [04/May/2020:11:45:27 +0000] "GET /feed/post/5eb000533c29fc5cedd3a659 HTTP/1.1" 200 318 "http://localhost:3000/5eb000533c29fc5cedd3a659" "Mozilla/5.0 (X11; Linux x86_64) AppleWebKit/537.36 (KHTML, like Gecko) Chrome/81.0.4044.129 Safari/537.36"
::1 - - [04/May/2020:11:45:27 +0000] "GET /images/2020-05-04T11:45:23.559Z-red-book-vector-illustration.jpg HTTP/1.1" 200 15618 "http://localhost:3000/5eb000533c29fc5cedd3a659" "Mozilla/5.0 (X11; Linux x86_64) AppleWebKit/537.36 (KHTML, like Gecko) Chrome/81.0.4044.129 Safari/537.36"
::1 - - [04/May/2020:11:45:29 +0000] "OPTIONS /auth/status HTTP/1.1" 200 14 "http://localhost:3000/" "Mozilla/5.0 (X11; Linux x86_64) AppleWebKit/537.36 (KHTML, like Gecko) Chrome/81.0.4044.129 Safari/537.36"
::1 - - [04/May/2020:11:45:29 +0000] "OPTIONS /feed/posts?page=1 HTTP/1.1" 200 8 "http://localhost:3000/" "Mozilla/5.0 (X11; Linux x86_64) AppleWebKit/537.36 (KHTML, like Gecko) Chrome/81.0.4044.129 Safari/537.36"
::1 - - [04/May/2020:11:45:29 +0000] "GET /auth/status HTTP/1.1" 200 34 "http://localhost:3000/" "Mozilla/5.0 (X11; Linux x86_64) AppleWebKit/537.36 (KHTML, like Gecko) Chrome/81.0.4044.129 Safari/537.36"
::1 - - [04/May/2020:11:45:30 +0000] "GET /feed/posts?page=1 HTTP/1.1" 200 549 "http://localhost:3000/" "Mozilla/5.0 (X11; Linux x86_64) AppleWebKit/537.36 (KHTML, like Gecko) Chrome/81.0.4044.129 Safari/537.36"
::1 - - [04/May/2020:11:45:34 +0000] "OPTIONS /feed/post/5eb000533c29fc5cedd3a659 HTTP/1.1" 200 19 "http://localhost:3000/" "Mozilla/5.0 (X11; Linux x86_64) AppleWebKit/537.36 (KHTML, like Gecko) Chrome/81.0.4044.129 Safari/537.36"
::1 - - [04/May/2020:11:45:35 +0000] "PUT /feed/post/5eb000533c29fc5cedd3a659 HTTP/1.1" 200 521 "http://localhost:3000/" "Mozilla/5.0 (X11; Linux x86_64) AppleWebKit/537.36 (KHTML, like Gecko) Chrome/81.0.4044.129 Safari/537.36"
::1 - - [04/May/2020:11:46:07 +0000] "OPTIONS /feed/post/5eb000533c29fc5cedd3a659 HTTP/1.1" 200 19 "http://localhost:3000/" "Mozilla/5.0 (X11; Linux x86_64) AppleWebKit/537.36 (KHTML, like Gecko) Chrome/81.0.4044.129 Safari/537.36"
::1 - - [04/May/2020:11:46:09 +0000] "DELETE /feed/post/5eb000533c29fc5cedd3a659 HTTP/1.1" 200 27 "http://localhost:3000/" "Mozilla/5.0 (X11; Linux x86_64) AppleWebKit/537.36 (KHTML, like Gecko) Chrome/81.0.4044.129 Safari/537.36"
::1 - - [04/May/2020:11:46:09 +0000] "OPTIONS /feed/posts?page=1 HTTP/1.1" 200 8 "http://localhost:3000/" "Mozilla/5.0 (X11; Linux x86_64) AppleWebKit/537.36 (KHTML, like Gecko) Chrome/81.0.4044.129 Safari/537.36"
::1 - - [04/May/2020:11:46:09 +0000] "OPTIONS /feed/posts?page=1 HTTP/1.1" 200 8 "http://localhost:3000/" "Mozilla/5.0 (X11; Linux x86_64) AppleWebKit/537.36 (KHTML, like Gecko) Chrome/81.0.4044.129 Safari/537.36"
::1 - - [04/May/2020:11:46:09 +0000] "OPTIONS /feed/posts?page=1 HTTP/1.1" 200 8 "http://localhost:3000/" "Mozilla/5.0 (X11; Linux x86_64) AppleWebKit/537.36 (KHTML, like Gecko) Chrome/81.0.4044.129 Safari/537.36"
::1 - - [04/May/2020:11:46:09 +0000] "OPTIONS /feed/posts?page=1 HTTP/1.1" 200 8 "http://localhost:3000/" "Mozilla/5.0 (X11; Linux x86_64) AppleWebKit/537.36 (KHTML, like Gecko) Chrome/81.0.4044.129 Safari/537.36"
::1 - - [04/May/2020:11:46:09 +0000] "OPTIONS /feed/posts?page=1 HTTP/1.1" 200 8 "http://localhost:3000/" "Mozilla/5.0 (X11; Linux x86_64) AppleWebKit/537.36 (KHTML, like Gecko) Chrome/81.0.4044.129 Safari/537.36"
::1 - - [04/May/2020:11:46:09 +0000] "OPTIONS /feed/posts?page=1 HTTP/1.1" 200 8 "http://localhost:3000/" "Mozilla/5.0 (X11; Linux x86_64) AppleWebKit/537.36 (KHTML, like Gecko) Chrome/81.0.4044.129 Safari/537.36"
::1 - - [04/May/2020:11:46:09 +0000] "GET /feed/posts?page=1 HTTP/1.1" 200 67 "http://localhost:3000/" "Mozilla/5.0 (X11; Linux x86_64) AppleWebKit/537.36 (KHTML, like Gecko) Chrome/81.0.4044.129 Safari/537.36"
::1 - - [04/May/2020:11:46:09 +0000] "GET /feed/posts?page=1 HTTP/1.1" 500 25 "http://localhost:3000/" "Mozilla/5.0 (X11; Linux x86_64) AppleWebKit/537.36 (KHTML, like Gecko) Chrome/81.0.4044.129 Safari/537.36"
::1 - - [04/May/2020:11:46:09 +0000] "GET /feed/posts?page=1 HTTP/1.1" 500 25 "http://localhost:3000/" "Mozilla/5.0 (X11; Linux x86_64) AppleWebKit/537.36 (KHTML, like Gecko) Chrome/81.0.4044.129 Safari/537.36"
::1 - - [04/May/2020:11:46:10 +0000] "GET /feed/posts?page=1 HTTP/1.1" 200 67 "http://localhost:3000/" "Mozilla/5.0 (X11; Linux x86_64) AppleWebKit/537.36 (KHTML, like Gecko) Chrome/81.0.4044.129 Safari/537.36"
::1 - - [04/May/2020:11:46:11 +0000] "GET /feed/posts?page=1 HTTP/1.1" 304 - "http://localhost:3000/" "Mozilla/5.0 (X11; Linux x86_64) AppleWebKit/537.36 (KHTML, like Gecko) Chrome/81.0.4044.129 Safari/537.36"
::1 - - [04/May/2020:11:46:12 +0000] "GET /feed/posts?page=1 HTTP/1.1" 304 - "http://localhost:3000/" "Mozilla/5.0 (X11; Linux x86_64) AppleWebKit/537.36 (KHTML, like Gecko) Chrome/81.0.4044.129 Safari/537.36"
::1 - - [04/May/2020:11:47:14 +0000] "OPTIONS /auth/status HTTP/1.1" 200 14 "http://localhost:3000/" "Mozilla/5.0 (X11; Linux x86_64) AppleWebKit/537.36 (KHTML, like Gecko) Chrome/81.0.4044.129 Safari/537.36"
::1 - - [04/May/2020:11:47:14 +0000] "OPTIONS /feed/posts?page=1 HTTP/1.1" 200 8 "http://localhost:3000/" "Mozilla/5.0 (X11; Linux x86_64) AppleWebKit/537.36 (KHTML, like Gecko) Chrome/81.0.4044.129 Safari/537.36"
::1 - - [04/May/2020:11:47:14 +0000] "GET /auth/status HTTP/1.1" 304 - "http://localhost:3000/" "Mozilla/5.0 (X11; Linux x86_64) AppleWebKit/537.36 (KHTML, like Gecko) Chrome/81.0.4044.129 Safari/537.36"
::1 - - [04/May/2020:11:47:17 +0000] "GET /feed/posts?page=1 HTTP/1.1" 304 - "http://localhost:3000/" "Mozilla/5.0 (X11; Linux x86_64) AppleWebKit/537.36 (KHTML, like Gecko) Chrome/81.0.4044.129 Safari/537.36"
::1 - - [04/May/2020:11:47:17 +0000] "PATCH /auth/status HTTP/1.1" 200 27 "http://localhost:3000/" "Mozilla/5.0 (X11; Linux x86_64) AppleWebKit/537.36 (KHTML, like Gecko) Chrome/81.0.4044.129 Safari/537.36"
